<?xml version="1.0" encoding="UTF-8"?>
<testsuite name="demo.ArrayTest" tests="1" skipped="0" failures="0" errors="0" timestamp="2020-02-07T14:05:03" hostname="DESKTOP-62QCJNS" time="0.014">
  <properties/>
  <testcase name="should_resize_array()" classname="demo.ArrayTest" time="0.014"/>
  <system-out><![CDATA[]]></system-out>
  <system-err><![CDATA[]]></system-err>
</testsuite>
